
Showing logs for build [32mcb-kubecd-environment-pr-1418-1-b4hqj-1[0m stage [32mfrom-build-pack[0m and container [32mstep-credential-initializer-g4k9c[0m
{"level":"info","ts":1587135940.5882494,"logger":"fallback-logger","caller":"logging/config.go:69","msg":"Fetch GitHub commit ID from kodata failed: open /var/run/ko/refs/heads/0.8.0-ns-support: no such file or directory"}
{"level":"info","ts":1587135940.5889277,"logger":"fallback-logger","caller":"creds-init/main.go:40","msg":"Credentials initialized."}

Showing logs for build [32mcb-kubecd-environment-pr-1418-1-b4hqj-1[0m stage [32mfrom-build-pack[0m and container [32mstep-working-dir-initializer-j9489[0m
{"level":"info","ts":1587135941.912295,"logger":"fallback-logger","caller":"logging/config.go:69","msg":"Fetch GitHub commit ID from kodata failed: open /var/run/ko/HEAD: no such file or directory"}
{"level":"info","ts":1587135941.9252803,"logger":"fallback-logger","caller":"bash/main.go:64","msg":"Successfully executed command \"sh -c mkdir -p /workspace/source\"; output "}

Showing logs for build [32mcb-kubecd-environment-pr-1418-1-b4hqj-1[0m stage [32mfrom-build-pack[0m and container [32mstep-place-tools[0m

Showing logs for build [32mcb-kubecd-environment-pr-1418-1-b4hqj-1[0m stage [32mfrom-build-pack[0m and container [32mstep-git-source-cb-kubecd-environment-pr-1418-1-b4hqj-57clg[0m
{"level":"info","ts":1587135947.9526494,"logger":"fallback-logger","caller":"logging/config.go:69","msg":"Fetch GitHub commit ID from kodata failed: open /var/run/ko/refs/heads/0.8.0-ns-support: no such file or directory"}
{"level":"info","ts":1587135948.975977,"logger":"fallback-logger","caller":"git/git.go:103","msg":"Successfully cloned https://github.com/cb-kubecd/environment-pr-1418-14-bdd-frontend-staging.git @ master in path /workspace/source"}

Showing logs for build [32mcb-kubecd-environment-pr-1418-1-b4hqj-1[0m stage [32mfrom-build-pack[0m and container [32mstep-git-merge[0m
Using SHAs from PULL_REFS=master:d25bf9b5dd933c9c5a23981bbdfa22941f0b00b4,1:90c9237d0d6fe041da062295386cab488c57a7b8
DEBUG: JX_LOG_LEVEL=error LC_ALL=C git fetch origin --unshallow 90c9237d0d6fe041da062295386cab488c57a7b8: d25bf9b5dd933c9c5a23981bbdfa22941f0b00b4:
DEBUG: ran git fetch --unshallow origin 90c9237d0d6fe041da062295386cab488c57a7b8: d25bf9b5dd933c9c5a23981bbdfa22941f0b00b4: in 
DEBUG: LC_ALL=C JX_LOG_LEVEL=error git branch
DEBUG: LC_ALL=C JX_LOG_LEVEL=error git checkout master
DEBUG: ran git checkout master in 
DEBUG: JX_LOG_LEVEL=error LC_ALL=C git reset --hard d25bf9b5dd933c9c5a23981bbdfa22941f0b00b4
DEBUG: ran git reset --hard d25bf9b5dd933c9c5a23981bbdfa22941f0b00b4 in 
DEBUG: LC_ALL=C JX_LOG_LEVEL=error git clean -fd .
DEBUG: ran clean --force -d . in 
DEBUG: LC_ALL=C JX_LOG_LEVEL=error git merge 90c9237d0d6fe041da062295386cab488c57a7b8
DEBUG: ran git merge 90c9237d0d6fe041da062295386cab488c57a7b8 in 
DEBUG: LC_ALL=C JX_LOG_LEVEL=error git log --format=%H%x1f%an%x1f%ae%x1f%cn%x1f%ce%x1f%s%n%b%x1e d25bf9b5dd933c9c5a23981bbdfa22941f0b00b4..HEAD
Merged SHA 90c9237d0d6fe041da062295386cab488c57a7b8 with commit message 'chore: Promote bdd-nh-1587134970 to version 0.0.1' into base branch master

Showing logs for build [32mcb-kubecd-environment-pr-1418-1-b4hqj-1[0m stage [32mfrom-build-pack[0m and container [32mstep-build-helm-build[0m
WARNING: No $CHART_REPOSITORY defined so using the default value of: http://jenkins-x-chartmuseum:8080
Adding missing Helm repo: storage.googleapis.com https://storage.googleapis.com/chartmuseum.jenkins-x.io
WARNING: No secrets found on "helm/repos" due: reading the secret "helm/repos" from vault: no secret "helm/repos" not found in vault
Read credentials for https://storage.googleapis.com/chartmuseum.jenkins-x.io from vault helm/repos
Successfully added Helm repository storage.googleapis.com.
Adding missing Helm repo: jenkins-x-chartmuseum http://jenkins-x-chartmuseum:8080
WARNING: No secrets found on "helm/repos" due: reading the secret "helm/repos" from vault: no secret "helm/repos" not found in vault
Read credentials for http://jenkins-x-chartmuseum:8080 from vault helm/repos
Successfully added Helm repository jenkins-x-chartmuseum.
WARNING: No $CHART_REPOSITORY defined so using the default value of: http://jenkins-x-chartmuseum:8080
Adding missing Helm repo: chartmuseum.jenkins-x.io http://chartmuseum.jenkins-x.io
WARNING: No secrets found on "helm/repos" due: reading the secret "helm/repos" from vault: no secret "helm/repos" not found in vault
Read credentials for http://chartmuseum.jenkins-x.io from vault helm/repos
Successfully added Helm repository chartmuseum.jenkins-x.io.
